
Inserted WP Form 2930
Deleted customizer Settings {"theme-auto-version":"3.7.10","is_theme_queue_running":false,"global-color-palette":{"palette":["#30C7B5","#00AC97","#14261C","#4F5655","#F3F6F3","#FFFFFF","#000000","#4B4F58","#F6F7F8"]},"font-size-body":{"desktop":"17","tablet":"","mobile":"","desktop-unit":"px","tablet-unit":"px","mobile-unit":"px"},"body-font-family":"'Open Sans', sans-serif","body-font-variant":"400","body-font-weight":"400","headings-font-family":"'Playfair Display', serif","headings-font-weight":"600"}
Deleted - Site Options {"woocommerce_product_attributes":[],"woocommerce_product_cat_list":[],"woocommerce_product_cat":[],"custom_logo":"https:\/\/websitedemos.net\/personal-portfolio-02\/wp-content\/uploads\/sites\/770\/2021\/02\/logo-1.png","nav_menu_locations":{"primary":"main-menu","footer_menu":"footer-menu","mobile_menu":"main-menu"},"show_on_front":"page","page_on_front":"Home","page_for_posts":"","_fl_builder_enabled_icons":null,"_fl_builder_enabled_modules":null,"_fl_builder_post_types":null,"_fl_builder_color_presets":null,"_fl_builder_services":null,"_fl_builder_settings":null,"_fl_builder_user_access":null,"_fl_builder_enabled_templates":null,"elementor_container_width":null,"elementor_cpt_support":["post","page"],"elementor_css_print_method":"external","elementor_default_generic_fonts":null,"elementor_disable_color_schemes":"yes","elementor_disable_typography_schemes":"yes","elementor_editor_break_lines":"","elementor_exclude_user_roles":null,"elementor_global_image_lightbox":null,"elementor_page_title_selector":null,"elementor_scheme_color":{"1":"#6ec1e4","2":"#54595f","3":"#7a7a7a","4":"#61ce70"},"elementor_scheme_color-picker]":{"1":"#6ec1e4","2":"#54595f","3":"#7a7a7a","4":"#61ce70","5":"#4054b2","6":"#23a455","7":"#000","8":"#fff"},"elementor_scheme_typography":{"1":{"font_family":"Roboto","font_weight":"600"},"2":{"font_family":"Roboto Slab","font_weight":"400"},"3":{"font_family":"Roboto","font_weight":"400"},"4":{"font_family":"Roboto","font_weight":"500"}},"elementor_space_between_widgets":null,"elementor_stretched_section_container":null,"elementor_load_fa4_shim":"","elementor_active_kit":"28","woocommerce_shop_page_title":"","woocommerce_cart_page_title":"","woocommerce_checkout_page_title":"","woocommerce_myaccount_page_title":"","woocommerce_edit_address_page_title":"","woocommerce_view_order_page_title":"","woocommerce_change_password_page_title":"","woocommerce_logout_page_title":"","woocommerce_enable_guest_checkout":null,"woocommerce_enable_checkout_login_reminder":null,"woocommerce_enable_signup_and_login_from_checkout":null,"woocommerce_enable_myaccount_registration":null,"woocommerce_registration_generate_username":null,"edd_settings":null,"wpforms_settings":{"disable-css":"2","global-assets":false,"gdpr":false},"learndash_settings_theme_ld30":null,"learndash_settings_courses_themes":null,"astra-color-palettes":{"currentPalette":"palette_1","palettes":{"palette_1":["#ec5b53","#cf332b","#002d5b","#35373a","#fefafa","#ffffff","#F2F5F7","#424242","#000000"],"palette_2":["#0170B9","#3a3a3a","#3a3a3a","#4B4F58","#F5F5F5","#FFFFFF","#F2F5F7","#424242","#000000"],"palette_3":["#0170B9","#3a3a3a","#3a3a3a","#4B4F58","#F5F5F5","#FFFFFF","#F2F5F7","#424242","#000000"]},"flag":true},"astra-typography-presets":""}
DELETED - WIDGETS ["search-2","recent-posts-3","recent-comments-3","archives-2","categories-3","meta-2","media_image-3","text-2"]
DELETED - WIDGET search-2
DELETED - WIDGET recent-posts-3
DELETED - WIDGET recent-comments-3
DELETED - WIDGET archives-2
DELETED - WIDGET categories-3
DELETED - WIDGET meta-2
DELETED - WIDGET media_image-3
DELETED - WIDGET text-2
Deleted - Form ID 2930 - wpforms - Newsletter Signup Form
Deleted - Post ID 2929 - attachment - logo-footer.png
Inserted WP Form 2933
Deleted customizer Settings {"theme-auto-version":"3.7.10","is_theme_queue_running":false,"_astra_pb_compatibility_completed":true}
Deleted - Site Options {"woocommerce_product_attributes":[],"woocommerce_product_cat_list":[],"woocommerce_product_cat":[],"custom_logo":"https:\/\/websitedemos.net\/personal-portfolio-02\/wp-content\/uploads\/sites\/770\/2021\/02\/logo-1.png","nav_menu_locations":{"primary":"main-menu","footer_menu":"footer-menu","mobile_menu":"main-menu"},"show_on_front":"page","page_on_front":"Home","page_for_posts":"","_fl_builder_enabled_icons":null,"_fl_builder_enabled_modules":null,"_fl_builder_post_types":null,"_fl_builder_color_presets":null,"_fl_builder_services":null,"_fl_builder_settings":null,"_fl_builder_user_access":null,"_fl_builder_enabled_templates":null,"elementor_container_width":null,"elementor_cpt_support":["post","page"],"elementor_css_print_method":"external","elementor_default_generic_fonts":null,"elementor_disable_color_schemes":"yes","elementor_disable_typography_schemes":"yes","elementor_editor_break_lines":"","elementor_exclude_user_roles":null,"elementor_global_image_lightbox":null,"elementor_page_title_selector":null,"elementor_scheme_color":{"1":"#6ec1e4","2":"#54595f","3":"#7a7a7a","4":"#61ce70"},"elementor_scheme_color-picker]":{"1":"#6ec1e4","2":"#54595f","3":"#7a7a7a","4":"#61ce70","5":"#4054b2","6":"#23a455","7":"#000","8":"#fff"},"elementor_scheme_typography":{"1":{"font_family":"Roboto","font_weight":"600"},"2":{"font_family":"Roboto Slab","font_weight":"400"},"3":{"font_family":"Roboto","font_weight":"400"},"4":{"font_family":"Roboto","font_weight":"500"}},"elementor_space_between_widgets":null,"elementor_stretched_section_container":null,"elementor_load_fa4_shim":"","elementor_active_kit":"28","woocommerce_shop_page_title":"","woocommerce_cart_page_title":"","woocommerce_checkout_page_title":"","woocommerce_myaccount_page_title":"","woocommerce_edit_address_page_title":"","woocommerce_view_order_page_title":"","woocommerce_change_password_page_title":"","woocommerce_logout_page_title":"","woocommerce_enable_guest_checkout":null,"woocommerce_enable_checkout_login_reminder":null,"woocommerce_enable_signup_and_login_from_checkout":null,"woocommerce_enable_myaccount_registration":null,"woocommerce_registration_generate_username":null,"edd_settings":null,"wpforms_settings":{"disable-css":"2","global-assets":false,"gdpr":false},"learndash_settings_theme_ld30":null,"learndash_settings_courses_themes":null,"astra-color-palettes":{"currentPalette":"palette_1","palettes":{"palette_1":["#ec5b53","#cf332b","#002d5b","#35373a","#fefafa","#ffffff","#F2F5F7","#424242","#000000"],"palette_2":["#0170B9","#3a3a3a","#3a3a3a","#4B4F58","#F5F5F5","#FFFFFF","#F2F5F7","#424242","#000000"],"palette_3":["#0170B9","#3a3a3a","#3a3a3a","#4B4F58","#F5F5F5","#FFFFFF","#F2F5F7","#424242","#000000"]},"flag":true},"astra-typography-presets":""}
DELETED - WIDGETS ["search-2","recent-posts-3","recent-comments-3","archives-2","categories-3","meta-2","media_image-3","text-2"]
Deleted - Form ID 2933 - wpforms - Newsletter Signup Form
Inserted WP Form 2935
Imported - Site Options {"woocommerce_product_attributes":[],"woocommerce_product_cat_list":[],"woocommerce_product_cat":[],"custom_logo":"https:\/\/websitedemos.net\/personal-portfolio-02\/wp-content\/uploads\/sites\/770\/2021\/02\/logo-1.png","nav_menu_locations":{"primary":"main-menu","footer_menu":"footer-menu","mobile_menu":"main-menu"},"show_on_front":"page","page_on_front":"Home","page_for_posts":"","_fl_builder_enabled_icons":null,"_fl_builder_enabled_modules":null,"_fl_builder_post_types":null,"_fl_builder_color_presets":null,"_fl_builder_services":null,"_fl_builder_settings":null,"_fl_builder_user_access":null,"_fl_builder_enabled_templates":null,"elementor_container_width":null,"elementor_cpt_support":["post","page"],"elementor_css_print_method":"external","elementor_default_generic_fonts":null,"elementor_disable_color_schemes":"yes","elementor_disable_typography_schemes":"yes","elementor_editor_break_lines":"","elementor_exclude_user_roles":null,"elementor_global_image_lightbox":null,"elementor_page_title_selector":null,"elementor_scheme_color":{"1":"#6ec1e4","2":"#54595f","3":"#7a7a7a","4":"#61ce70"},"elementor_scheme_color-picker]":{"1":"#6ec1e4","2":"#54595f","3":"#7a7a7a","4":"#61ce70","5":"#4054b2","6":"#23a455","7":"#000","8":"#fff"},"elementor_scheme_typography":{"1":{"font_family":"Roboto","font_weight":"600"},"2":{"font_family":"Roboto Slab","font_weight":"400"},"3":{"font_family":"Roboto","font_weight":"400"},"4":{"font_family":"Roboto","font_weight":"500"}},"elementor_space_between_widgets":null,"elementor_stretched_section_container":null,"elementor_load_fa4_shim":"","elementor_active_kit":"28","woocommerce_shop_page_title":"","woocommerce_cart_page_title":"","woocommerce_checkout_page_title":"","woocommerce_myaccount_page_title":"","woocommerce_edit_address_page_title":"","woocommerce_view_order_page_title":"","woocommerce_change_password_page_title":"","woocommerce_logout_page_title":"","woocommerce_enable_guest_checkout":null,"woocommerce_enable_checkout_login_reminder":null,"woocommerce_enable_signup_and_login_from_checkout":null,"woocommerce_enable_myaccount_registration":null,"woocommerce_registration_generate_username":null,"edd_settings":null,"wpforms_settings":{"disable-css":"2","global-assets":false,"gdpr":false},"learndash_settings_theme_ld30":null,"learndash_settings_courses_themes":null,"astra-color-palettes":{"currentPalette":"palette_1","palettes":{"palette_1":["#ec5b53","#cf332b","#002d5b","#35373a","#fefafa","#ffffff","#F2F5F7","#424242","#000000"],"palette_2":["#0170B9","#3a3a3a","#3a3a3a","#4B4F58","#F5F5F5","#FFFFFF","#F2F5F7","#424242","#000000"],"palette_3":["#0170B9","#3a3a3a","#3a3a3a","#4B4F58","#F5F5F5","#FFFFFF","#F2F5F7","#424242","#000000"]},"flag":true},"astra-typography-presets":""}
Source - https://websitedemos.net/personal-portfolio-02/wp-content/uploads/sites/770/2021/02/logo-1.png
BATCH - SKIP Image {already imported from xml} - https://websitedemos.net/personal-portfolio-02/wp-content/uploads/sites/770/2021/02/logo-1.png
Log - {"url":"https:\/\/websitedemos.net\/personal-portfolio-02\/wp-content\/uploads\/sites\/770\/2021\/02\/logo-1.png","id":0}
Inserted - Post 2937 - attachment - logo-1.png
BATCH - SUCCESS Image {Imported} - http://localhost/wordpress/wp-content/uploads/2022/05/logo-1.png
Inserted - Post 2937 - attachment - logo-1.png
Batch Process Started..
Starter Templates - Importing Images for Blog name 'Abdelhaq_Nouhi' (1)
---- Processing Images from Widgets -----
---- Processing Contact Form Mapping from Text Widgets -----
---- Processing Contact Form Mapping from WP Forms Widgets -----
---- Processing WordPress Posts / Pages - for "Gutenberg" ----
---- Processing WordPress Posts / Pages - for Elementor ----
---- Processing MISC ----
---- Processing Images Metadata ----
---- Processing Images Metadata Completed ----
---- Processing batch process for Customizer start ----
---- Processing batch process for Customizer done ----
Batch Process Complete!